# JRE version: OpenJDK Runtime Environment (8.0_242) (build 1.8.0_242-release-1644-b3-6222593)
# Java VM: OpenJDK 64-Bit Server VM (25.242-b3-6222593 mixed mode linux-amd64 compressed oops)
Heap:
 PSYoungGen      total 198144K, used 12278K [0x00000000d5580000, 0x00000000e2300000, 0x0000000100000000)
  eden space 185856K, 0% used [0x00000000d5580000,0x00000000d5580000,0x00000000e0b00000)
  from space 12288K, 99% used [0x00000000e0b00000,0x00000000e16fd870,0x00000000e1700000)
  to   space 11776K, 0% used [0x00000000e1780000,0x00000000e1780000,0x00000000e2300000)
 ParOldGen       total 44032K, used 17546K [0x0000000080000000, 0x0000000082b00000, 0x00000000d5580000)
  object space 44032K, 39% used [0x0000000080000000,0x0000000081122978,0x0000000082b00000)
 Metaspace       used 44615K, capacity 46636K, committed 47064K, reserved 1089536K
  class space    used 6053K, capacity 6494K, committed 6616K, reserved 1048576K
GC Heap History (10 events):
Event: 2.780 GC heap after
Heap after GC invocations=8 (full 0):
 PSYoungGen      total 134656K, used 3684K [0x00000000d5580000, 0x00000000de280000, 0x0000000100000000)
  eden space 125952K, 0% used [0x00000000d5580000,0x00000000d5580000,0x00000000dd080000)
  from space 8704K, 42% used [0x00000000dda00000,0x00000000ddd99060,0x00000000de280000)
  to   space 9216K, 0% used [0x00000000dd080000,0x00000000dd080000,0x00000000dd980000)
 ParOldGen       total 42496K, used 8235K [0x0000000080000000, 0x0000000082980000, 0x00000000d5580000)
  object space 42496K, 19% used [0x0000000080000000,0x000000008080ae08,0x0000000082980000)
 Metaspace       used 20402K, capacity 21178K, committed 21248K, reserved 1067008K
  class space    used 2849K, capacity 3053K, committed 3072K, reserved 1048576K
}
Event: 2.780 GC heap before
{Heap before GC invocations=9 (full 1):
 PSYoungGen      total 134656K, used 3684K [0x00000000d5580000, 0x00000000de280000, 0x0000000100000000)
  eden space 125952K, 0% used [0x00000000d5580000,0x00000000d5580000,0x00000000dd080000)
  from space 8704K, 42% used [0x00000000dda00000,0x00000000ddd99060,0x00000000de280000)
  to   space 9216K, 0% used [0x00000000dd080000,0x00000000dd080000,0x00000000dd980000)
 ParOldGen       total 42496K, used 8235K [0x0000000080000000, 0x0000000082980000, 0x00000000d5580000)
  object space 42496K, 19% used [0x0000000080000000,0x000000008080ae08,0x0000000082980000)
 Metaspace       used 20402K, capacity 21178K, committed 21248K, reserved 1067008K
  class space    used 2849K, capacity 3053K, committed 3072K, reserved 1048576K
Event: 2.815 GC heap after
Heap after GC invocations=9 (full 1):
 PSYoungGen      total 134656K, used 0K [0x00000000d5580000, 0x00000000de280000, 0x0000000100000000)
  eden space 125952K, 0% used [0x00000000d5580000,0x00000000d5580000,0x00000000dd080000)
  from space 8704K, 0% used [0x00000000dda00000,0x00000000dda00000,0x00000000de280000)
  to   space 9216K, 0% used [0x00000000dd080000,0x00000000dd080000,0x00000000dd980000)
 ParOldGen       total 29184K, used 6860K [0x0000000080000000, 0x0000000081c80000, 0x00000000d5580000)
  object space 29184K, 23% used [0x0000000080000000,0x00000000806b3350,0x0000000081c80000)
 Metaspace       used 20402K, capacity 21178K, committed 21248K, reserved 1067008K
  class space    used 2849K, capacity 3053K, committed 3072K, reserved 1048576K
}
Event: 4.926 GC heap before
{Heap before GC invocations=10 (full 1):
 PSYoungGen      total 134656K, used 125952K [0x00000000d5580000, 0x00000000de280000, 0x0000000100000000)
  eden space 125952K, 100% used [0x00000000d5580000,0x00000000dd080000,0x00000000dd080000)
  from space 8704K, 0% used [0x00000000dda00000,0x00000000dda00000,0x00000000de280000)
  to   space 9216K, 0% used [0x00000000dd080000,0x00000000dd080000,0x00000000dd980000)
 ParOldGen       total 29184K, used 6860K [0x0000000080000000, 0x0000000081c80000, 0x00000000d5580000)
  object space 29184K, 23% used [0x0000000080000000,0x00000000806b3350,0x0000000081c80000)
 Metaspace       used 32758K, capacity 33942K, committed 34176K, reserved 1079296K
  class space    used 4428K, capacity 4712K, committed 4736K, reserved 1048576K
Event: 5.067 GC heap after
Heap after GC invocations=10 (full 1):
 PSYoungGen      total 135168K, used 9215K [0x00000000d5580000, 0x00000000e2300000, 0x0000000100000000)
  eden space 125952K, 0% used [0x00000000d5580000,0x00000000d5580000,0x00000000dd080000)
  from space 9216K, 99% used [0x00000000dd080000,0x00000000dd97ff68,0x00000000dd980000)
  to   space 11776K, 0% used [0x00000000e1780000,0x00000000e1780000,0x00000000e2300000)
 ParOldGen       total 29184K, used 10437K [0x0000000080000000, 0x0000000081c80000, 0x00000000d5580000)
  object space 29184K, 35% used [0x0000000080000000,0x0000000080a31678,0x0000000081c80000)
 Metaspace       used 32758K, capacity 33942K, committed 34176K, reserved 1079296K
  class space    used 4428K, capacity 4712K, committed 4736K, reserved 1048576K
}
Event: 5.865 GC heap before
{Heap before GC invocations=11 (full 1):
 PSYoungGen      total 135168K, used 40974K [0x00000000d5580000, 0x00000000e2300000, 0x0000000100000000)
  eden space 125952K, 25% used [0x00000000d5580000,0x00000000d7483a58,0x00000000dd080000)
  from space 9216K, 99% used [0x00000000dd080000,0x00000000dd97ff68,0x00000000dd980000)
  to   space 11776K, 0% used [0x00000000e1780000,0x00000000e1780000,0x00000000e2300000)
 ParOldGen       total 29184K, used 10437K [0x0000000080000000, 0x0000000081c80000, 0x00000000d5580000)
  object space 29184K, 35% used [0x0000000080000000,0x0000000080a31678,0x0000000081c80000)
 Metaspace       used 34024K, capacity 35344K, committed 35416K, reserved 1079296K
  class space    used 4591K, capacity 4911K, committed 4952K, reserved 1048576K
Event: 5.893 GC heap after
Heap after GC invocations=11 (full 1):
 PSYoungGen      total 197632K, used 7508K [0x00000000d5580000, 0x00000000e2300000, 0x0000000100000000)
  eden space 185856K, 0% used [0x00000000d5580000,0x00000000d5580000,0x00000000e0b00000)
  from space 11776K, 63% used [0x00000000e1780000,0x00000000e1ed50b0,0x00000000e2300000)
  to   space 12288K, 0% used [0x00000000e0b00000,0x00000000e0b00000,0x00000000e1700000)
 ParOldGen       total 29184K, used 10445K [0x0000000080000000, 0x0000000081c80000, 0x00000000d5580000)
  object space 29184K, 35% used [0x0000000080000000,0x0000000080a33678,0x0000000081c80000)
 Metaspace       used 34024K, capacity 35344K, committed 35416K, reserved 1079296K
  class space    used 4591K, capacity 4911K, committed 4952K, reserved 1048576K
}
Event: 5.893 GC heap before
{Heap before GC invocations=12 (full 2):
 PSYoungGen      total 197632K, used 7508K [0x00000000d5580000, 0x00000000e2300000, 0x0000000100000000)
  eden space 185856K, 0% used [0x00000000d5580000,0x00000000d5580000,0x00000000e0b00000)
  from space 11776K, 63% used [0x00000000e1780000,0x00000000e1ed50b0,0x00000000e2300000)
  to   space 12288K, 0% used [0x00000000e0b00000,0x00000000e0b00000,0x00000000e1700000)
 ParOldGen       total 29184K, used 10445K [0x0000000080000000, 0x0000000081c80000, 0x00000000d5580000)
  object space 29184K, 35% used [0x0000000080000000,0x0000000080a33678,0x0000000081c80000)
 Metaspace       used 34024K, capacity 35344K, committed 35416K, reserved 1079296K
  class space    used 4591K, capacity 4911K, committed 4952K, reserved 1048576K
Event: 5.996 GC heap after
Heap after GC invocations=12 (full 2):
 PSYoungGen      total 197632K, used 0K [0x00000000d5580000, 0x00000000e2300000, 0x0000000100000000)
  eden space 185856K, 0% used [0x00000000d5580000,0x00000000d5580000,0x00000000e0b00000)
  from space 11776K, 0% used [0x00000000e1780000,0x00000000e1780000,0x00000000e2300000)
  to   space 12288K, 0% used [0x00000000e0b00000,0x00000000e0b00000,0x00000000e1700000)
 ParOldGen       total 44032K, used 14185K [0x0000000080000000, 0x0000000082b00000, 0x00000000d5580000)
  object space 44032K, 32% used [0x0000000080000000,0x0000000080dda778,0x0000000082b00000)
 Metaspace       used 34024K, capacity 35344K, committed 35416K, reserved 1079296K
  class space    used 4591K, capacity 4911K, committed 4952K, reserved 1048576K
}
Event: 32.244 GC heap before
{Heap before GC invocations=13 (full 2):
 PSYoungGen      total 197632K, used 185856K [0x00000000d5580000, 0x00000000e2300000, 0x0000000100000000)
  eden space 185856K, 100% used [0x00000000d5580000,0x00000000e0b00000,0x00000000e0b00000)
  from space 11776K, 0% used [0x00000000e1780000,0x00000000e1780000,0x00000000e2300000)
  to   space 12288K, 0% used [0x00000000e0b00000,0x00000000e0b00000,0x00000000e1700000)
 ParOldGen       total 44032K, used 14185K [0x0000000080000000, 0x0000000082b00000, 0x00000000d5580000)
  object space 44032K, 32% used [0x0000000080000000,0x0000000080dda778,0x0000000082b00000)
 Metaspace       used 44615K, capacity 46636K, committed 47064K, reserved 1089536K
  class space    used 6053K, capacity 6494K, committed 6616K, reserved 1048576K

